<?xml version="1.0" encoding="UTF-8"?>
<!-- Generated by org.testng.reporters.JUnitReportReporter -->
<testsuite name="maven.maventutorial.SeleniumTest" tests="2" time="0.024" ignored="0" failures="0" timestamp="19 May 2020 13:08:05 GMT" skipped="0" hostname="LAPTOP-D24VJTLU" errors="0">
  <testcase name="browserTest" time="0.022" classname="maven.maventutorial.SeleniumTest"/>
  <testcase name="uiTest" time="0.002" classname="maven.maventutorial.SeleniumTest"/>
</testsuite> <!-- maven.maventutorial.SeleniumTest -->
