<?xml version="1.0" encoding="UTF-8"?>
<!-- Generated by org.testng.reporters.JUnitReportReporter -->
<testsuite name="maven.maventutorial.RestApiTest" tests="2" time="0.003" ignored="0" failures="0" timestamp="19 May 2020 13:08:05 GMT" skipped="0" hostname="LAPTOP-D24VJTLU" errors="0">
  <testcase name="deleteTwitter" time="0.002" classname="maven.maventutorial.RestApiTest"/>
  <testcase name="postJira" time="0.001" classname="maven.maventutorial.RestApiTest"/>
</testsuite> <!-- maven.maventutorial.RestApiTest -->
