<?xml version="1.0" encoding="UTF-8"?>
<!-- Generated by org.testng.reporters.JUnitReportReporter -->
<testsuite skipped="0" hostname="LAPTOP-D24VJTLU" name="maven.maventutorial.SeleniumTest" tests="2" failures="0" timestamp="2020-05-05T18:55:59 IST" time="0.013" errors="0">
  <testcase name="uiTest" time="0.001" classname="maven.maventutorial.SeleniumTest"/>
  <system-out/>
  <testcase name="browserTest" time="0.012" classname="maven.maventutorial.SeleniumTest"/>
  <system-out/>
</testsuite> <!-- maven.maventutorial.SeleniumTest -->
