<?xml version="1.0" encoding="UTF-8"?>
<!-- Generated by org.testng.reporters.JUnitReportReporter -->
<testsuite skipped="0" hostname="LAPTOP-D24VJTLU" name="maven.maventutorial.RestApiTest" tests="2" failures="0" timestamp="2020-05-05T18:55:59 IST" time="0.001" errors="0">
  <testcase name="postJira" time="0.001" classname="maven.maventutorial.RestApiTest"/>
  <system-out/>
  <testcase name="deleteTwitter" time="0.000" classname="maven.maventutorial.RestApiTest"/>
  <system-out/>
</testsuite> <!-- maven.maventutorial.RestApiTest -->
